2025-10-28 13:25:49 -04:00: 
2025-10-28 13:25:49 -04:00: > time-tracker@0.0.0 dev
2025-10-28 13:25:49 -04:00: > vite --host
2025-10-28 13:25:49 -04:00: 
2025-10-28 13:25:50 -04:00: 
2025-10-28 13:25:50 -04:00:   VITE v5.4.21  ready in 158 ms
2025-10-28 13:25:50 -04:00: 
2025-10-28 13:25:50 -04:00:   ➜  Local:   http://localhost:5173/
2025-10-28 13:25:50 -04:00:   ➜  Network: http://100.69.36.227:5173/
2025-10-28 13:27:43 -04:00: 
2025-10-28 13:27:43 -04:00: > time-tracker@0.0.0 dev
2025-10-28 13:27:43 -04:00: > vite --host
2025-10-28 13:27:43 -04:00: 
2025-10-28 13:27:44 -04:00: 
2025-10-28 13:27:44 -04:00:   VITE v5.4.21  ready in 119 ms
2025-10-28 13:27:44 -04:00: 
2025-10-28 13:27:44 -04:00:   ➜  Local:   http://localhost:5173/
2025-10-28 13:27:44 -04:00:   ➜  Network: http://100.69.36.227:5173/
2025-10-28 14:19:49 -04:00: 
2025-10-28 14:19:49 -04:00: > time-tracker@0.0.0 dev
2025-10-28 14:19:49 -04:00: > vite --host
2025-10-28 14:19:49 -04:00: 
2025-10-28 14:19:49 -04:00: 
2025-10-28 14:19:49 -04:00:   VITE v5.4.21  ready in 146 ms
2025-10-28 14:19:49 -04:00: 
2025-10-28 14:19:49 -04:00:   ➜  Local:   http://localhost:5173/
2025-10-28 14:19:49 -04:00:   ➜  Network: http://10.103.126.227:5173/
2025-10-28 20:32:10 -04:00: 
2025-10-28 20:32:10 -04:00: > time-tracker@0.0.0 dev
2025-10-28 20:32:10 -04:00: > vite --host
2025-10-28 20:32:10 -04:00: 
2025-10-28 20:32:11 -04:00: 
2025-10-28 20:32:11 -04:00:   VITE v5.4.21  ready in 200 ms
2025-10-28 20:32:11 -04:00: 
2025-10-28 20:32:11 -04:00:   ➜  Local:   http://localhost:5173/
2025-10-28 20:32:11 -04:00:   ➜  Network: http://100.69.36.227:5173/
2025-10-30 10:52:39 -04:00: 
2025-10-30 10:52:39 -04:00: > time-tracker@0.0.0 dev
2025-10-30 10:52:39 -04:00: > vite --host
2025-10-30 10:52:39 -04:00: 
2025-10-30 10:52:39 -04:00: 
2025-10-30 10:52:39 -04:00:   VITE v5.4.21  ready in 150 ms
2025-10-30 10:52:39 -04:00: 
2025-10-30 10:52:39 -04:00:   ➜  Local:   http://localhost:5173/
2025-10-30 10:52:39 -04:00:   ➜  Network: http://100.69.39.207:5173/
2025-10-30 17:15:58 -04:00: 
2025-10-30 17:15:58 -04:00: > time-tracker@0.0.0 dev
2025-10-30 17:15:58 -04:00: > vite --host
2025-10-30 17:15:58 -04:00: 
2025-10-30 17:15:58 -04:00: 
2025-10-30 17:15:58 -04:00:   VITE v5.4.21  ready in 235 ms
2025-10-30 17:15:58 -04:00: 
2025-10-30 17:15:58 -04:00:   ➜  Local:   http://localhost:5173/
2025-10-30 17:15:58 -04:00:   ➜  Network: http://100.69.39.207:5173/
2025-10-30 18:27:27 -04:00: 
2025-10-30 18:27:27 -04:00: > time-tracker@0.0.0 dev
2025-10-30 18:27:27 -04:00: > vite --host
2025-10-30 18:27:27 -04:00: 
2025-10-30 18:27:27 -04:00: Port 5173 is in use, trying another one...
2025-10-30 18:27:27 -04:00: 
2025-10-30 18:27:27 -04:00:   VITE v5.4.21  ready in 148 ms
2025-10-30 18:27:27 -04:00: 
2025-10-30 18:27:27 -04:00:   ➜  Local:   http://localhost:5174/
2025-10-30 18:27:27 -04:00:   ➜  Network: http://100.69.39.207:5174/
2025-10-30 18:30:17 -04:00: 
2025-10-30 18:30:17 -04:00: > time-tracker@0.0.0 dev
2025-10-30 18:30:17 -04:00: > vite --host
2025-10-30 18:30:17 -04:00: 
2025-10-30 18:30:17 -04:00: 
2025-10-30 18:30:17 -04:00:   VITE v5.4.21  ready in 83 ms
2025-10-30 18:30:17 -04:00: 
2025-10-30 18:30:17 -04:00:   ➜  Local:   http://localhost:5173/
2025-10-30 18:30:17 -04:00:   ➜  Network: http://100.69.39.207:5173/
2025-10-31 15:50:01 -04:00: 
2025-10-31 15:50:01 -04:00: > time-tracker@0.0.0 dev
2025-10-31 15:50:01 -04:00: > vite --host
2025-10-31 15:50:01 -04:00: 
2025-10-31 15:50:01 -04:00: 
2025-10-31 15:50:01 -04:00:   VITE v5.4.21  ready in 178 ms
2025-10-31 15:50:01 -04:00: 
2025-10-31 15:50:01 -04:00:   ➜  Local:   http://localhost:6969/
2025-10-31 15:50:01 -04:00:   ➜  Network: http://100.69.39.207:6969/
2025-10-31 15:50:07 -04:00: 
2025-10-31 15:50:07 -04:00: > time-tracker@0.0.0 dev
2025-10-31 15:50:07 -04:00: > vite --host
2025-10-31 15:50:07 -04:00: 
2025-10-31 15:50:07 -04:00: 
2025-10-31 15:50:07 -04:00:   VITE v5.4.21  ready in 78 ms
2025-10-31 15:50:07 -04:00: 
2025-10-31 15:50:07 -04:00:   ➜  Local:   http://localhost:6969/
2025-10-31 15:50:07 -04:00:   ➜  Network: http://100.69.39.207:6969/
2025-10-31 15:55:01 -04:00: 3:55:01 PM [vite] vite.config.ts changed, restarting server...
2025-10-31 15:55:01 -04:00: 3:55:01 PM [vite] server restarted.
2025-10-31 15:55:06 -04:00: 
2025-10-31 15:55:06 -04:00: > time-tracker@0.0.0 dev
2025-10-31 15:55:06 -04:00: > vite --host
2025-10-31 15:55:06 -04:00: 
2025-10-31 15:55:06 -04:00: 
2025-10-31 15:55:06 -04:00:   VITE v5.4.21  ready in 82 ms
2025-10-31 15:55:06 -04:00: 
2025-10-31 15:55:06 -04:00:   ➜  Local:   http://localhost:6969/
2025-10-31 15:55:06 -04:00:   ➜  Network: http://100.69.39.207:6969/
2025-10-31 16:01:04 -04:00: 
2025-10-31 16:01:04 -04:00: > time-tracker@0.0.0 dev
2025-10-31 16:01:04 -04:00: > vite --host
2025-10-31 16:01:04 -04:00: 
2025-10-31 16:01:05 -04:00: Re-optimizing dependencies because lockfile has changed
2025-10-31 16:01:05 -04:00: 
2025-10-31 16:01:05 -04:00:   VITE v5.4.21  ready in 396 ms
2025-10-31 16:01:05 -04:00: 
2025-10-31 16:01:05 -04:00:   ➜  Local:   http://localhost:6969/
2025-10-31 16:01:05 -04:00:   ➜  Network: http://100.69.39.207:6969/
2025-11-05 09:19:03 -05:00: 
2025-11-05 09:19:03 -05:00: > time-tracker@0.0.0 dev
2025-11-05 09:19:03 -05:00: > vite --host
2025-11-05 09:19:03 -05:00: 
2025-11-05 09:19:03 -05:00: 
2025-11-05 09:19:03 -05:00:   VITE v5.4.21  ready in 465 ms
2025-11-05 09:19:03 -05:00: 
2025-11-05 09:19:03 -05:00:   ➜  Local:   http://localhost:6969/
2025-11-05 09:19:03 -05:00:   ➜  Network: http://100.69.39.12:6969/
