2025-11-05 16:48:37 -05:00: 
2025-11-05 16:48:37 -05:00: > time-tracker@0.0.0 dev
2025-11-05 16:48:37 -05:00: > vite --host
2025-11-05 16:48:37 -05:00: 
2025-11-05 16:48:37 -05:00: 
2025-11-05 16:48:37 -05:00:   VITE v5.4.21  ready in 128 ms
2025-11-05 16:48:37 -05:00: 
2025-11-05 16:48:37 -05:00:   ➜  Local:   http://localhost:6969/
2025-11-05 16:48:37 -05:00:   ➜  Network: http://100.69.39.12:6969/
2025-11-06 13:46:41 -05:00: 
2025-11-06 13:46:41 -05:00: > time-tracker@0.0.0 dev
2025-11-06 13:46:41 -05:00: > vite --host
2025-11-06 13:46:41 -05:00: 
2025-11-06 13:46:42 -05:00: 
2025-11-06 13:46:42 -05:00:   VITE v5.4.21  ready in 180 ms
2025-11-06 13:46:42 -05:00: 
2025-11-06 13:46:42 -05:00:   ➜  Local:   http://localhost:6969/
2025-11-06 13:46:42 -05:00:   ➜  Network: http://10.103.122.93:6969/
2025-11-14 19:10:31 -05:00: 
2025-11-14 19:10:31 -05:00: > time-tracker@0.0.0 dev
2025-11-14 19:10:31 -05:00: > vite --host
2025-11-14 19:10:31 -05:00: 
2025-11-14 19:10:32 -05:00: 
2025-11-14 19:10:32 -05:00:   VITE v5.4.21  ready in 536 ms
2025-11-14 19:10:32 -05:00: 
2025-11-14 19:10:32 -05:00:   ➜  Local:   http://localhost:6969/
2025-11-14 19:10:32 -05:00:   ➜  Network: http://10.102.247.172:6969/
2025-11-14 23:30:48 -05:00: 
2025-11-14 23:30:48 -05:00: > time-tracker@0.0.0 dev
2025-11-14 23:30:48 -05:00: > vite --host
2025-11-14 23:30:48 -05:00: 
2025-11-14 23:30:48 -05:00: 
2025-11-14 23:30:48 -05:00:   VITE v5.4.21  ready in 103 ms
2025-11-14 23:30:48 -05:00: 
2025-11-14 23:30:48 -05:00:   ➜  Local:   http://localhost:6969/
2025-11-14 23:30:48 -05:00:   ➜  Network: http://100.69.35.162:6969/
2025-11-14 23:39:42 -05:00: 
2025-11-14 23:39:42 -05:00: > time-tracker@0.0.0 dev
2025-11-14 23:39:42 -05:00: > vite --host
2025-11-14 23:39:42 -05:00: 
2025-11-15 19:21:47 -05:00: 
2025-11-15 19:21:47 -05:00: > time-tracker@0.0.0 dev
2025-11-15 19:21:47 -05:00: > vite --host
2025-11-15 19:21:47 -05:00: 
2025-11-15 19:21:48 -05:00: 
2025-11-15 19:21:48 -05:00:   VITE v5.4.21  ready in 386 ms
2025-11-15 19:21:48 -05:00: 
2025-11-15 19:21:48 -05:00:   ➜  Local:   http://localhost:6969/
2025-11-15 19:21:48 -05:00:   ➜  Network: http://100.69.39.122:6969/
2025-11-19 12:16:11 -05:00: 
2025-11-19 12:16:11 -05:00: > time-tracker@0.0.0 dev
2025-11-19 12:16:11 -05:00: > vite --host
2025-11-19 12:16:11 -05:00: 
2025-11-19 12:16:11 -05:00: 
2025-11-19 12:16:11 -05:00:   VITE v5.4.21  ready in 147 ms
2025-11-19 12:16:11 -05:00: 
2025-11-19 12:16:11 -05:00:   ➜  Local:   http://localhost:6969/
2025-11-19 12:16:11 -05:00:   ➜  Network: http://100.69.35.201:6969/
2025-12-08 15:05:54 -05:00: 
2025-12-08 15:05:54 -05:00: > time-tracker@0.0.0 dev
2025-12-08 15:05:54 -05:00: > vite --host
2025-12-08 15:05:54 -05:00: 
2025-12-08 15:05:55 -05:00: 
2025-12-08 15:05:55 -05:00:   VITE v5.4.21  ready in 173 ms
2025-12-08 15:05:55 -05:00: 
2025-12-08 15:05:55 -05:00:   ➜  Local:   http://localhost:6969/
2025-12-08 15:05:55 -05:00:   ➜  Network: http://100.69.38.250:6969/
2025-12-15 09:48:46 +05:30: 
2025-12-15 09:48:46 +05:30: > time-tracker@0.0.0 dev
2025-12-15 09:48:46 +05:30: > vite --host
2025-12-15 09:48:46 +05:30: 
2025-12-15 09:48:46 +05:30: 
2025-12-15 09:48:46 +05:30:   VITE v5.4.21  ready in 297 ms
2025-12-15 09:48:46 +05:30: 
2025-12-15 09:48:46 +05:30:   ➜  Local:   http://localhost:6969/
2025-12-15 09:48:46 +05:30:   ➜  Network: http://192.168.1.2:6969/
2025-12-23 11:05:37 +05:30: 
2025-12-23 11:05:37 +05:30: > time-tracker@0.0.0 dev
2025-12-23 11:05:37 +05:30: > vite --host
2025-12-23 11:05:37 +05:30: 
2025-12-23 11:05:37 +05:30: 
2025-12-23 11:05:37 +05:30:   VITE v5.4.21  ready in 283 ms
2025-12-23 11:05:37 +05:30: 
2025-12-23 11:05:37 +05:30:   ➜  Local:   http://localhost:6969/
2025-12-23 11:05:37 +05:30:   ➜  Network: http://192.168.1.3:6969/
2026-01-17 06:48:30 -05:00: 
2026-01-17 06:48:30 -05:00: > time-tracker@0.0.0 dev
2026-01-17 06:48:30 -05:00: > vite --host
2026-01-17 06:48:30 -05:00: 
2026-01-17 06:48:30 -05:00: 
2026-01-17 06:48:30 -05:00:   VITE v5.4.21  ready in 173 ms
2026-01-17 06:48:30 -05:00: 
2026-01-17 06:48:30 -05:00:   ➜  Local:   http://localhost:6969/
2026-01-17 06:48:30 -05:00:   ➜  Network: http://100.69.39.52:6969/
2026-01-30 14:28:27 -05:00: 
2026-01-30 14:28:27 -05:00: > time-tracker@0.0.0 dev
2026-01-30 14:28:27 -05:00: > vite --host
2026-01-30 14:28:27 -05:00: 
2026-01-30 14:28:28 -05:00: 
2026-01-30 14:28:28 -05:00:   VITE v5.4.21  ready in 361 ms
2026-01-30 14:28:28 -05:00: 
2026-01-30 14:28:28 -05:00:   ➜  Local:   http://localhost:6969/
2026-01-30 14:28:28 -05:00:   ➜  Network: http://100.69.39.72:6969/
2026-01-31 14:24:05 -05:00: 
2026-01-31 14:24:05 -05:00: > time-tracker@0.0.0 dev
2026-01-31 14:24:05 -05:00: > vite --host
2026-01-31 14:24:05 -05:00: 
2026-01-31 14:24:05 -05:00: 
2026-01-31 14:24:05 -05:00:   VITE v5.4.21  ready in 169 ms
2026-01-31 14:24:05 -05:00: 
2026-01-31 14:24:05 -05:00:   ➜  Local:   http://localhost:6969/
2026-01-31 14:24:05 -05:00:   ➜  Network: http://100.69.39.72:6969/
